<?xml version="1.0" encoding="UTF-8" ?>
<testsuite failures="0" time="0.023" errors="0" skipped="0" tests="36" name="com.epam.pdrzh.suites.RunTest">
  <properties>
    <property name="idea.version" value="13.1.5"/>
    <property name="java.runtime.name" value="Java(TM) SE Runtime Environment"/>
    <property name="sun.boot.library.path" value="C:\Program Files\Java\jdk1.7.0_45\jre\bin"/>
    <property name="java.vm.version" value="24.45-b08"/>
    <property name="java.vm.vendor" value="Oracle Corporation"/>
    <property name="java.vendor.url" value="http://java.oracle.com/"/>
    <property name="path.separator" value=";"/>
    <property name="guice.disable.misplaced.annotation.check" value="true"/>
    <property name="java.vm.name" value="Java HotSpot(TM) 64-Bit Server VM"/>
    <property name="file.encoding.pkg" value="sun.io"/>
    <property name="idea.launcher.port" value="7533"/>
    <property name="user.script" value=""/>
    <property name="user.country" value="RU"/>
    <property name="sun.java.launcher" value="SUN_STANDARD"/>
    <property name="sun.os.patch.level" value="Service Pack 1"/>
    <property name="java.vm.specification.name" value="Java Virtual Machine Specification"/>
    <property name="user.dir" value="K:\testWorkQA\ideaProjects\PdrzhBDDTests"/>
    <property name="java.runtime.version" value="1.7.0_45-b18"/>
    <property name="java.awt.graphicsenv" value="sun.awt.Win32GraphicsEnvironment"/>
    <property name="java.endorsed.dirs" value="C:\Program Files\Java\jdk1.7.0_45\jre\lib\endorsed"/>
    <property name="os.arch" value="amd64"/>
    <property name="java.io.tmpdir" value="C:\Users\Tim\AppData\Local\Temp\"/>
    <property name="line.separator" value="
"/>
    <property name="java.vm.specification.vendor" value="Oracle Corporation"/>
    <property name="user.variant" value=""/>
    <property name="os.name" value="Windows 7"/>
    <property name="classworlds.conf" value="C:\tools\apache-maven-3.2.2\bin\m2.conf"/>
    <property name="sun.jnu.encoding" value="Cp1251"/>
    <property name="java.library.path" value="C:\Program Files\Java\jdk1.7.0_45\bin;C:\Windows\Sun\Java\bin;C:\Windows\system32;C:\Windows;C:\ProgramData\Oracle\Java\javapath;C:\oracledb\oracleprogramm\oracleprogramm\bin;C:\tools\apache-maven-3.2.2\\bin;C:\Program Files\Java\jdk1.8.0_20\bin;C:\Program Files\MySQL\MySQL Server 5.6\bin;C:\Program Files (x86)\NVIDIA Corporation\PhysX\Common;C:\Windows\system32;C:\Windows;C:\Windows\System32\Wbem;C:\Windows\System32\WindowsPowerShell\v1.0\;D:\ProgramFiles\SQL\110\Tools\Binn\;D:\ProgramFiles\SQL\110\Tools\Binn\ManagementStudio\;D:\ProgramFiles\SQL\110\DTS\Binn\;C:\Program Files\Microsoft SQL Server\110\DTS\Binn\;C:\Program Files (x86)\Microsoft SQL Server\110\Tools\Binn\;C:\Program Files\Microsoft SQL Server\110\Tools\Binn\;C:\Program Files (x86)\Microsoft SQL Server\110\Tools\Binn\ManagementStudio\;C:\Program Files (x86)\Microsoft Visual Studio 10.0\Common7\IDE\PrivateAssemblies\;C:\Program Files (x86)\Microsoft SQL Server\110\DTS\Binn\;C:\Program Files (x86)\MySQL\MySQL Utilities 1.3.5;C:\tools;C:\Program Files\TortoiseSVN\bin;C:\Program Files (x86)\Subversion\bin;C:\svn\bin;C:\tools\cloudbees-sdk-1.5.2\;C:\Program Files\TortoiseGit\bin;C:\tools\libs\derby\db-derby-10.8.3.0-bin\bin;C:\tools\apache-maven-3.2.1\bin;."/>
    <property name="java.specification.name" value="Java Platform API Specification"/>
    <property name="java.class.version" value="51.0"/>
    <property name="sun.management.compiler" value="HotSpot 64-Bit Tiered Compilers"/>
    <property name="os.version" value="6.1"/>
    <property name="user.home" value="C:\Users\Tim"/>
    <property name="user.timezone" value="Europe/Helsinki"/>
    <property name="java.awt.printerjob" value="sun.awt.windows.WPrinterJob"/>
    <property name="java.specification.version" value="1.7"/>
    <property name="idea.launcher.bin.path" value="C:\Program Files (x86)\JetBrains\IntelliJ IDEA Community Edition 13.1.4\bin"/>
    <property name="file.encoding" value="UTF-8"/>
    <property name="user.name" value="Tim"/>
    <property name="java.class.path" value="C:\tools\apache-maven-3.2.2\boot\plexus-classworlds-2.5.1.jar;C:\Program Files (x86)\JetBrains\IntelliJ IDEA Community Edition 13.1.4\lib\idea_rt.jar"/>
    <property name="org.slf4j.simpleLogger.defaultLogLevel" value="info"/>
    <property name="java.vm.specification.version" value="1.7"/>
    <property name="sun.arch.data.model" value="64"/>
    <property name="java.home" value="C:\Program Files\Java\jdk1.7.0_45\jre"/>
    <property name="sun.java.command" value="com.intellij.rt.execution.application.AppMain org.codehaus.classworlds.Launcher -Didea.version=13.1.5 test"/>
    <property name="java.specification.vendor" value="Oracle Corporation"/>
    <property name="user.language" value="ru"/>
    <property name="awt.toolkit" value="sun.awt.windows.WToolkit"/>
    <property name="java.vm.info" value="mixed mode"/>
    <property name="java.version" value="1.7.0_45"/>
    <property name="java.ext.dirs" value="C:\Program Files\Java\jdk1.7.0_45\jre\lib\ext;C:\Windows\Sun\Java\lib\ext"/>
    <property name="sun.boot.class.path" value="C:\Program Files\Java\jdk1.7.0_45\jre\lib\resources.jar;C:\Program Files\Java\jdk1.7.0_45\jre\lib\rt.jar;C:\Program Files\Java\jdk1.7.0_45\jre\lib\sunrsasign.jar;C:\Program Files\Java\jdk1.7.0_45\jre\lib\jsse.jar;C:\Program Files\Java\jdk1.7.0_45\jre\lib\jce.jar;C:\Program Files\Java\jdk1.7.0_45\jre\lib\charsets.jar;C:\Program Files\Java\jdk1.7.0_45\jre\lib\jfr.jar;C:\Program Files\Java\jdk1.7.0_45\jre\classes"/>
    <property name="java.vendor" value="Oracle Corporation"/>
    <property name="maven.home" value="C:\tools\apache-maven-3.2.2"/>
    <property name="file.separator" value="\"/>
    <property name="java.vendor.url.bug" value="http://bugreport.sun.com/bugreport/"/>
    <property name="sun.cpu.endian" value="little"/>
    <property name="sun.io.unicode.encoding" value="UnicodeLittle"/>
    <property name="sun.desktop" value="windows"/>
    <property name="sun.cpu.isalist" value="amd64"/>
  </properties>
  <testcase time="0.008" classname="| fesvlast | wrongPassword | Bad credentials |" name="Given Passenger has forgotten username and password"/>
  <testcase time="0" classname="| fesvlast | wrongPassword | Bad credentials |" name="When Passenger login with wrong username: fesvlast and password: wrongPassword"/>
  <testcase time="0" classname="| fesvlast | wrongPassword | Bad credentials |" name="Then Passenger should see error messages on login page: Bad credentials"/>
  <testcase time="0.001" classname="| fesvlast | wrongPassword | Bad credentials |" name="| fesvlast | wrongPassword | Bad credentials |"/>
  <testcase time="0" classname="| pass | fesvlast | Bad credentials |" name="Given Passenger has forgotten username and password"/>
  <testcase time="0" classname="| pass | fesvlast | Bad credentials |" name="When Passenger login with wrong username: pass and password: fesvlast"/>
  <testcase time="0" classname="| pass | fesvlast | Bad credentials |" name="Then Passenger should see error messages on login page: Bad credentials"/>
  <testcase time="0.001" classname="| pass | fesvlast | Bad credentials |" name="| pass | fesvlast | Bad credentials |"/>
  <testcase time="0" classname="|  | wrongPassword | Login is required |" name="Given Passenger has forgotten username and password"/>
  <testcase time="0" classname="|  | wrongPassword | Login is required |" name="When Passenger login with wrong username:  and password: wrongPassword"/>
  <testcase time="0" classname="|  | wrongPassword | Login is required |" name="Then Passenger should see error messages on login page: Login is required"/>
  <testcase time="0" classname="|  | wrongPassword | Login is required |" name="|  | wrongPassword | Login is required |"/>
  <testcase time="0" classname="| w | fesvlast | Login is too short, enter at least 3 letters |" name="Given Passenger has forgotten username and password"/>
  <testcase time="0" classname="| w | fesvlast | Login is too short, enter at least 3 letters |" name="When Passenger login with wrong username: w and password: fesvlast"/>
  <testcase time="0" classname="| w | fesvlast | Login is too short, enter at least 3 letters |" name="Then Passenger should see error messages on login page: Login is too short, enter at least 3 letters"/>
  <testcase time="0" classname="| w | fesvlast | Login is too short, enter at least 3 letters |" name="| w | fesvlast | Login is too short, enter at least 3 letters |"/>
  <testcase time="0" classname="| wrongLogin |  | Password is required |" name="Given Passenger has forgotten username and password"/>
  <testcase time="0" classname="| wrongLogin |  | Password is required |" name="When Passenger login with wrong username: wrongLogin and password: "/>
  <testcase time="0" classname="| wrongLogin |  | Password is required |" name="Then Passenger should see error messages on login page: Password is required"/>
  <testcase time="0.001" classname="| wrongLogin |  | Password is required |" name="| wrongLogin |  | Password is required |"/>
  <testcase time="0" classname="| wrongLogin | 4 | Please enter at least 3 symbols |" name="Given Passenger has forgotten username and password"/>
  <testcase time="0" classname="| wrongLogin | 4 | Please enter at least 3 symbols |" name="When Passenger login with wrong username: wrongLogin and password: 4"/>
  <testcase time="0" classname="| wrongLogin | 4 | Please enter at least 3 symbols |" name="Then Passenger should see error messages on login page: Please enter at least 3 symbols"/>
  <testcase time="0.011" classname="| wrongLogin | 4 | Please enter at least 3 symbols |" name="| wrongLogin | 4 | Please enter at least 3 symbols |"/>
  <testcase time="0" classname="Scenario: As a passenger I want be able to login to the system" name="Given Passenger wants to login"/>
  <testcase time="0" classname="Scenario: As a passenger I want be able to login to the system" name="When Passenger login to the system with username &quot;fesvlast&quot; and password &quot;fesvlast&quot;"/>
  <testcase time="0" classname="Scenario: As a passenger I want be able to login to the system" name="Then Passenger should see home page and his login &quot;fesvlast&quot;"/>
  <testcase time="0" classname="Scenario: As a passenger I want be able to login to the system" name="Scenario: As a passenger I want be able to login to the system"/>
  <testcase time="0" classname="Scenario: Passenger wants to logout from his account." name="Given passenger is on his home page"/>
  <testcase time="0" classname="Scenario: Passenger wants to logout from his account." name="When he press button logout"/>
  <testcase time="0" classname="Scenario: Passenger wants to logout from his account." name="Then passenger should see login page"/>
  <testcase time="0.001" classname="Scenario: Passenger wants to logout from his account." name="Scenario: Passenger wants to logout from his account."/>
  <testcase time="0" classname="Scenario: User wants to be on the register page." name="Given As a user I stay on the login page"/>
  <testcase time="0" classname="Scenario: User wants to be on the register page." name="When User click on the link &quot;Register a new user&quot;"/>
  <testcase time="0" classname="Scenario: User wants to be on the register page." name="Then He gets a register page"/>
  <testcase time="0" classname="Scenario: User wants to be on the register page." name="Scenario: User wants to be on the register page."/>
</testsuite>